2025.03.26 00:36:32 INFO  Started: Metals version 1.5.1 in folders 'C:\Users\shanmuka\Desktop\work space\Scala' for client Visual Studio Code 1.98.2.
2025.03.26 00:36:33 INFO  no build target found for C:\Users\shanmuka\Desktop\work space\Scala\topics\basics\variables.scala. Using presentation compiler with project's scala-library version: 3.3.4
2025.03.26 00:36:35 WARN  Could not find semantic tokens for: file:///C:/Users/shanmuka/Desktop/work%20space/Scala/topics/basics/variables.scala
2025.03.26 00:36:36 INFO  Running List(C:\Users\shanmuka\AppData\Local\Coursier\data\bin\scala-cli.BAT, setup-ide, C:\Users\shanmuka\Desktop\work space\Scala)
2025.03.26 00:36:36 INFO  Attempting to connect to the build server...
Mar 26, 2025 12:36:36 AM org.eclipse.lsp4j.jsonrpc.services.GenericEndpoint notify
WARNING: Unsupported notification method: metals/windowStateDidChange
2025.03.26 00:36:36 INFO  Running BSP server List(C:\Users\shanmuka\AppData\Local\Coursier\data\bin\.scala-cli.aux.exe, bsp, --json-options, C:\Users\shanmuka\Desktop\work space\Scala\.scala-build\ide-options-v2.json, --json-launcher-options, C:\Users\shanmuka\Desktop\work space\Scala\.scala-build\ide-launcher-options.json, --envs-file, C:\Users\shanmuka\Desktop\work space\Scala\.scala-build\ide-envs.json, C:\Users\shanmuka\Desktop\work space\Scala)
2025.03.26 00:36:36 INFO  tracing is disabled for protocol BSP, to enable tracing of incoming and outgoing JSON messages create an empty file at C:\Users\shanmuka\Desktop\work space\Scala\.metals\bsp.trace.json or C:\Users\shanmuka\AppData\Local\scalameta\metals\cache\bsp.trace.json
2025.03.26 00:36:37 INFO  time: Connected to build server in 0.97s
2025.03.26 00:36:37 INFO  Connected to Build server: scala-cli v1.6.2
2025.03.26 00:36:37 INFO  running doctor check
2025.03.26 00:36:37 INFO  java targets: Scala_d5c0a6989e-test, Scala_d5c0a6989e
2025.03.26 00:36:37 INFO  compiling scala_d5c0a6989e (13 scala sources)
Mar 26, 2025 12:36:38 AM org.eclipse.lsp4j.jsonrpc.services.GenericEndpoint notify
WARNING: Unsupported notification method: metals/windowStateDidChange
2025.03.26 00:36:41 INFO  time: compiled Scala_d5c0a6989e in 4s
2025.03.26 00:36:42 INFO  time: indexed workspace in 4.37s
Mar 26, 2025 12:36:42 AM org.eclipse.lsp4j.jsonrpc.services.GenericEndpoint notify
WARNING: Unsupported notification method: metals/windowStateDidChange
Mar 26, 2025 12:36:44 AM org.eclipse.lsp4j.jsonrpc.services.GenericEndpoint notify
WARNING: Unsupported notification method: metals/windowStateDidChange
Mar 26, 2025 12:36:47 AM org.eclipse.lsp4j.jsonrpc.services.GenericEndpoint notify
WARNING: Unsupported notification method: metals/windowStateDidChange
Mar 26, 2025 12:36:49 AM org.eclipse.lsp4j.jsonrpc.services.GenericEndpoint notify
WARNING: Unsupported notification method: metals/windowStateDidChange
Mar 26, 2025 12:36:49 AM org.eclipse.lsp4j.jsonrpc.services.GenericEndpoint notify
WARNING: Unsupported notification method: metals/windowStateDidChange
Mar 26, 2025 12:36:50 AM org.eclipse.lsp4j.jsonrpc.services.GenericEndpoint notify
WARNING: Unsupported notification method: metals/windowStateDidChange
Mar 26, 2025 12:36:51 AM org.eclipse.lsp4j.jsonrpc.services.GenericEndpoint notify
WARNING: Unsupported notification method: metals/windowStateDidChange
Mar 26, 2025 12:38:02 AM org.eclipse.lsp4j.jsonrpc.services.GenericEndpoint notify
WARNING: Unsupported notification method: metals/windowStateDidChange
Mar 26, 2025 12:39:04 AM org.eclipse.lsp4j.jsonrpc.services.GenericEndpoint notify
WARNING: Unsupported notification method: metals/windowStateDidChange
2025.03.26 00:39:08 WARN  Could not find semantic tokens for: file:///C:/Users/shanmuka/Desktop/work%20space/Scala/topics/basics/functions.scala
2025.03.26 00:39:11 INFO  compiling scala_d5c0a6989e (1 scala source)
2025.03.26 00:39:11 INFO  time: compiled Scala_d5c0a6989e in 0.94s
Mar 26, 2025 12:39:57 AM org.eclipse.lsp4j.jsonrpc.services.GenericEndpoint notify
WARNING: Unsupported notification method: metals/windowStateDidChange
Mar 26, 2025 12:40:18 AM org.eclipse.lsp4j.jsonrpc.services.GenericEndpoint notify
WARNING: Unsupported notification method: metals/windowStateDidChange
Mar 26, 2025 12:40:46 AM org.eclipse.lsp4j.jsonrpc.services.GenericEndpoint notify
WARNING: Unsupported notification method: metals/windowStateDidChange
Mar 26, 2025 12:40:49 AM org.eclipse.lsp4j.jsonrpc.services.GenericEndpoint notify
WARNING: Unsupported notification method: metals/windowStateDidChange
2025.03.26 00:40:50 WARN  Could not find semantic tokens for: file:///C:/Users/shanmuka/Desktop/work%20space/Scala/topics/basics/loops.scala
2025.03.26 00:40:52 INFO  compiling scala_d5c0a6989e (1 scala source)
2025.03.26 00:40:52 INFO  time: compiled Scala_d5c0a6989e in 0.38s
Mar 26, 2025 12:40:59 AM org.eclipse.lsp4j.jsonrpc.services.GenericEndpoint notify
WARNING: Unsupported notification method: metals/windowStateDidChange
Mar 26, 2025 12:41:01 AM org.eclipse.lsp4j.jsonrpc.services.GenericEndpoint notify
WARNING: Unsupported notification method: metals/windowStateDidChange
Mar 26, 2025 12:41:05 AM org.eclipse.lsp4j.jsonrpc.services.GenericEndpoint notify
WARNING: Unsupported notification method: metals/windowStateDidChange
Mar 26, 2025 12:41:05 AM org.eclipse.lsp4j.jsonrpc.services.GenericEndpoint notify
WARNING: Unsupported notification method: metals/windowStateDidChange
2025.03.26 00:41:08 INFO  compiling scala_d5c0a6989e (1 scala source)
2025.03.26 00:41:08 INFO  time: compiled Scala_d5c0a6989e in 0.18s
Mar 26, 2025 12:41:13 AM org.eclipse.lsp4j.jsonrpc.services.GenericEndpoint notify
WARNING: Unsupported notification method: metals/windowStateDidChange
Mar 26, 2025 12:41:15 AM org.eclipse.lsp4j.jsonrpc.services.GenericEndpoint notify
WARNING: Unsupported notification method: metals/windowStateDidChange
Mar 26, 2025 12:41:18 AM org.eclipse.lsp4j.jsonrpc.services.GenericEndpoint notify
WARNING: Unsupported notification method: metals/windowStateDidChange
Mar 26, 2025 12:41:18 AM org.eclipse.lsp4j.jsonrpc.services.GenericEndpoint notify
WARNING: Unsupported notification method: metals/windowStateDidChange
Mar 26, 2025 12:41:20 AM org.eclipse.lsp4j.jsonrpc.services.GenericEndpoint notify
WARNING: Unsupported notification method: metals/windowStateDidChange
2025.03.26 00:41:20 INFO  compiling scala_d5c0a6989e (1 scala source)
2025.03.26 00:41:20 INFO  time: compiled Scala_d5c0a6989e in 0.17s
Mar 26, 2025 12:41:23 AM org.eclipse.lsp4j.jsonrpc.services.GenericEndpoint notify
WARNING: Unsupported notification method: metals/windowStateDidChange
Mar 26, 2025 12:41:26 AM org.eclipse.lsp4j.jsonrpc.services.GenericEndpoint notify
WARNING: Unsupported notification method: metals/windowStateDidChange
Mar 26, 2025 12:41:26 AM org.eclipse.lsp4j.jsonrpc.services.GenericEndpoint notify
WARNING: Unsupported notification method: metals/windowStateDidChange
2025.03.26 00:41:29 INFO  compiling scala_d5c0a6989e (1 scala source)
2025.03.26 00:41:29 INFO  time: compiled Scala_d5c0a6989e in 0.15s
Mar 26, 2025 12:41:43 AM org.eclipse.lsp4j.jsonrpc.services.GenericEndpoint notify
WARNING: Unsupported notification method: metals/windowStateDidChange
Mar 26, 2025 12:42:29 AM org.eclipse.lsp4j.jsonrpc.services.GenericEndpoint notify
WARNING: Unsupported notification method: metals/windowStateDidChange
Mar 26, 2025 12:43:50 AM org.eclipse.lsp4j.jsonrpc.services.GenericEndpoint notify
WARNING: Unsupported notification method: metals/windowStateDidChange
Mar 26, 2025 12:43:51 AM org.eclipse.lsp4j.jsonrpc.services.GenericEndpoint notify
WARNING: Unsupported notification method: metals/windowStateDidChange
2025.03.26 00:43:54 INFO  compiling scala_d5c0a6989e (1 scala source)
2025.03.26 00:43:54 INFO  time: compiled Scala_d5c0a6989e in 0.6s
Mar 26, 2025 12:44:03 AM org.eclipse.lsp4j.jsonrpc.services.GenericEndpoint notify
WARNING: Unsupported notification method: metals/windowStateDidChange
Mar 26, 2025 12:44:29 AM org.eclipse.lsp4j.jsonrpc.services.GenericEndpoint notify
WARNING: Unsupported notification method: metals/windowStateDidChange
Mar 26, 2025 12:44:46 AM org.eclipse.lsp4j.jsonrpc.services.GenericEndpoint notify
WARNING: Unsupported notification method: metals/windowStateDidChange
Mar 26, 2025 12:45:31 AM org.eclipse.lsp4j.jsonrpc.services.GenericEndpoint notify
WARNING: Unsupported notification method: metals/windowStateDidChange
Mar 26, 2025 12:45:34 AM org.eclipse.lsp4j.jsonrpc.services.GenericEndpoint notify
WARNING: Unsupported notification method: metals/windowStateDidChange
Mar 26, 2025 12:45:38 AM org.eclipse.lsp4j.jsonrpc.services.GenericEndpoint notify
WARNING: Unsupported notification method: metals/windowStateDidChange
Mar 26, 2025 12:46:01 AM org.eclipse.lsp4j.jsonrpc.services.GenericEndpoint notify
WARNING: Unsupported notification method: metals/windowStateDidChange
Mar 26, 2025 12:46:06 AM org.eclipse.lsp4j.jsonrpc.services.GenericEndpoint notify
WARNING: Unsupported notification method: metals/windowStateDidChange
Mar 26, 2025 12:46:16 AM org.eclipse.lsp4j.jsonrpc.services.GenericEndpoint notify
WARNING: Unsupported notification method: metals/windowStateDidChange
Mar 26, 2025 12:46:18 AM org.eclipse.lsp4j.jsonrpc.services.GenericEndpoint notify
WARNING: Unsupported notification method: metals/windowStateDidChange
2025.03.26 00:46:21 WARN  Could not find semantic tokens for: file:///C:/Users/shanmuka/Desktop/work%20space/Scala/topics/oop/classes_objects.scala
2025.03.26 00:46:24 INFO  compiling scala_d5c0a6989e (1 scala source)
2025.03.26 00:46:24 INFO  time: compiled Scala_d5c0a6989e in 0.35s
Mar 26, 2025 12:46:53 AM org.eclipse.lsp4j.jsonrpc.services.GenericEndpoint notify
WARNING: Unsupported notification method: metals/windowStateDidChange
Mar 26, 2025 12:47:06 AM org.eclipse.lsp4j.jsonrpc.services.GenericEndpoint notify
WARNING: Unsupported notification method: metals/windowStateDidChange
2025.03.26 00:47:08 WARN  Could not find semantic tokens for: file:///C:/Users/shanmuka/Desktop/work%20space/Scala/topics/oop/traits.scala
2025.03.26 00:47:11 INFO  compiling scala_d5c0a6989e (1 scala source)
2025.03.26 00:47:11 INFO  time: compiled Scala_d5c0a6989e in 0.3s
Mar 26, 2025 12:47:34 AM org.eclipse.lsp4j.jsonrpc.services.GenericEndpoint notify
WARNING: Unsupported notification method: metals/windowStateDidChange
Mar 26, 2025 12:48:18 AM org.eclipse.lsp4j.jsonrpc.services.GenericEndpoint notify
WARNING: Unsupported notification method: metals/windowStateDidChange
Mar 26, 2025 12:48:19 AM org.eclipse.lsp4j.jsonrpc.services.GenericEndpoint notify
WARNING: Unsupported notification method: metals/windowStateDidChange
Mar 26, 2025 12:48:25 AM org.eclipse.lsp4j.jsonrpc.services.GenericEndpoint notify
WARNING: Unsupported notification method: metals/windowStateDidChange
2025.03.26 00:48:25 WARN  Could not find semantic tokens for: file:///C:/Users/shanmuka/Desktop/work%20space/Scala/topics/functional_programming/currying.scala
Mar 26, 2025 12:48:27 AM org.eclipse.lsp4j.jsonrpc.services.GenericEndpoint notify
WARNING: Unsupported notification method: metals/windowStateDidChange
Mar 26, 2025 12:48:28 AM org.eclipse.lsp4j.jsonrpc.services.GenericEndpoint notify
WARNING: Unsupported notification method: metals/windowStateDidChange
2025.03.26 00:48:30 WARN  Could not find semantic tokens for: file:///C:/Users/shanmuka/Desktop/work%20space/Scala/topics/functional_programming/higher_order_functions.scala
Mar 26, 2025 12:48:31 AM org.eclipse.lsp4j.jsonrpc.services.GenericEndpoint notify
WARNING: Unsupported notification method: metals/windowStateDidChange
Mar 26, 2025 12:48:36 AM org.eclipse.lsp4j.jsonrpc.services.GenericEndpoint notify
WARNING: Unsupported notification method: metals/windowStateDidChange
2025.03.26 00:48:38 INFO  compiling scala_d5c0a6989e (1 scala source)
2025.03.26 00:48:38 INFO  time: compiled Scala_d5c0a6989e in 0.29s
2025.03.26 00:49:11 WARN  Could not find semantic tokens for: file:///C:/Users/shanmuka/Desktop/work%20space/Scala/topics/functional_programming/currying.scala
Mar 26, 2025 12:49:11 AM org.eclipse.lsp4j.jsonrpc.services.GenericEndpoint notify
WARNING: Unsupported notification method: metals/windowStateDidChange
Mar 26, 2025 12:49:15 AM org.eclipse.lsp4j.jsonrpc.services.GenericEndpoint notify
WARNING: Unsupported notification method: metals/windowStateDidChange
2025.03.26 00:49:18 INFO  compiling scala_d5c0a6989e (1 scala source)
2025.03.26 00:49:18 INFO  time: compiled Scala_d5c0a6989e in 0.32s
Mar 26, 2025 12:49:40 AM org.eclipse.lsp4j.jsonrpc.services.GenericEndpoint notify
WARNING: Unsupported notification method: metals/windowStateDidChange
Mar 26, 2025 12:49:46 AM org.eclipse.lsp4j.jsonrpc.services.GenericEndpoint notify
WARNING: Unsupported notification method: metals/windowStateDidChange
Mar 26, 2025 12:49:51 AM org.eclipse.lsp4j.jsonrpc.services.GenericEndpoint notify
WARNING: Unsupported notification method: metals/windowStateDidChange
Mar 26, 2025 12:49:53 AM org.eclipse.lsp4j.jsonrpc.services.GenericEndpoint notify
WARNING: Unsupported notification method: metals/windowStateDidChange
Mar 26, 2025 12:49:54 AM org.eclipse.lsp4j.jsonrpc.services.GenericEndpoint notify
WARNING: Unsupported notification method: metals/windowStateDidChange
Mar 26, 2025 12:50:19 AM org.eclipse.lsp4j.jsonrpc.services.GenericEndpoint notify
WARNING: Unsupported notification method: metals/windowStateDidChange
2025.03.26 00:50:22 INFO  compiling scala_d5c0a6989e (1 scala source)
2025.03.26 00:50:22 WARN  Could not load snapshot text for C:\Users\shanmuka\Desktop\work space\Scala\topics\functional_programming\currying.scala
2025.03.26 00:50:22 INFO  time: compiled Scala_d5c0a6989e in 0.26s
Mar 26, 2025 12:50:31 AM org.eclipse.lsp4j.jsonrpc.services.GenericEndpoint notify
WARNING: Unsupported notification method: metals/windowStateDidChange
Mar 26, 2025 12:50:35 AM org.eclipse.lsp4j.jsonrpc.services.GenericEndpoint notify
WARNING: Unsupported notification method: metals/windowStateDidChange
Mar 26, 2025 12:50:35 AM org.eclipse.lsp4j.jsonrpc.services.GenericEndpoint notify
WARNING: Unsupported notification method: metals/windowStateDidChange
Mar 26, 2025 12:51:18 AM org.eclipse.lsp4j.jsonrpc.services.GenericEndpoint notify
WARNING: Unsupported notification method: metals/windowStateDidChange
Mar 26, 2025 12:51:26 AM org.eclipse.lsp4j.jsonrpc.services.GenericEndpoint notify
WARNING: Unsupported notification method: metals/windowStateDidChange
Mar 26, 2025 12:51:29 AM org.eclipse.lsp4j.jsonrpc.services.GenericEndpoint notify
WARNING: Unsupported notification method: metals/windowStateDidChange
Mar 26, 2025 12:52:02 AM org.eclipse.lsp4j.jsonrpc.services.GenericEndpoint notify
WARNING: Unsupported notification method: metals/windowStateDidChange
Mar 26, 2025 12:52:19 AM org.eclipse.lsp4j.jsonrpc.services.GenericEndpoint notify
WARNING: Unsupported notification method: metals/windowStateDidChange
Mar 26, 2025 12:52:20 AM org.eclipse.lsp4j.jsonrpc.services.GenericEndpoint notify
WARNING: Unsupported notification method: metals/windowStateDidChange
Mar 26, 2025 12:52:23 AM org.eclipse.lsp4j.jsonrpc.services.GenericEndpoint notify
WARNING: Unsupported notification method: metals/windowStateDidChange
Mar 26, 2025 12:53:05 AM org.eclipse.lsp4j.jsonrpc.services.GenericEndpoint notify
WARNING: Unsupported notification method: metals/windowStateDidChange
Mar 26, 2025 12:53:08 AM org.eclipse.lsp4j.jsonrpc.services.GenericEndpoint notify
WARNING: Unsupported notification method: metals/windowStateDidChange
Mar 26, 2025 12:53:14 AM org.eclipse.lsp4j.jsonrpc.services.GenericEndpoint notify
WARNING: Unsupported notification method: metals/windowStateDidChange
Mar 26, 2025 12:53:42 AM org.eclipse.lsp4j.jsonrpc.services.GenericEndpoint notify
WARNING: Unsupported notification method: metals/windowStateDidChange
2025.03.26 00:53:45 WARN  Could not find semantic tokens for: file:///C:/Users/shanmuka/Desktop/work%20space/Scala/topics/concurrency/futures_promises.scala
Mar 26, 2025 12:53:47 AM org.eclipse.lsp4j.jsonrpc.services.GenericEndpoint notify
WARNING: Unsupported notification method: metals/windowStateDidChange
2025.03.26 00:53:48 INFO  compiling scala_d5c0a6989e (1 scala source)
2025.03.26 00:53:48 INFO  time: compiled Scala_d5c0a6989e in 0.46s
Mar 26, 2025 12:54:36 AM org.eclipse.lsp4j.jsonrpc.services.GenericEndpoint notify
WARNING: Unsupported notification method: metals/windowStateDidChange
Mar 26, 2025 12:55:22 AM org.eclipse.lsp4j.jsonrpc.services.GenericEndpoint notify
WARNING: Unsupported notification method: metals/windowStateDidChange
Mar 26, 2025 12:55:27 AM org.eclipse.lsp4j.jsonrpc.services.GenericEndpoint notify
WARNING: Unsupported notification method: metals/windowStateDidChange
2025.03.26 00:55:29 WARN  Could not find semantic tokens for: file:///C:/Users/shanmuka/Desktop/work%20space/Scala/topics/concurrency/akka_example.scala
2025.03.26 00:55:31 INFO  compiling scala_d5c0a6989e (1 scala source)
2025.03.26 00:55:31 INFO  time: compiled Scala_d5c0a6989e in 0.18s
Mar 26, 2025 12:56:10 AM org.eclipse.lsp4j.jsonrpc.services.GenericEndpoint notify
WARNING: Unsupported notification method: metals/windowStateDidChange
Mar 26, 2025 12:56:17 AM org.eclipse.lsp4j.jsonrpc.services.GenericEndpoint notify
WARNING: Unsupported notification method: metals/windowStateDidChange
Mar 26, 2025 12:56:20 AM org.eclipse.lsp4j.jsonrpc.services.GenericEndpoint notify
WARNING: Unsupported notification method: metals/windowStateDidChange
Mar 26, 2025 12:56:25 AM org.eclipse.lsp4j.jsonrpc.services.GenericEndpoint notify
WARNING: Unsupported notification method: metals/windowStateDidChange
Mar 26, 2025 12:56:26 AM org.eclipse.lsp4j.jsonrpc.services.GenericEndpoint notify
WARNING: Unsupported notification method: metals/windowStateDidChange
Mar 26, 2025 12:56:33 AM org.eclipse.lsp4j.jsonrpc.services.GenericEndpoint notify
WARNING: Unsupported notification method: metals/windowStateDidChange
Mar 26, 2025 12:56:58 AM org.eclipse.lsp4j.jsonrpc.services.GenericEndpoint notify
WARNING: Unsupported notification method: metals/windowStateDidChange
Mar 26, 2025 12:57:01 AM org.eclipse.lsp4j.jsonrpc.services.GenericEndpoint notify
WARNING: Unsupported notification method: metals/windowStateDidChange
Mar 26, 2025 12:57:08 AM org.eclipse.lsp4j.jsonrpc.services.GenericEndpoint notify
WARNING: Unsupported notification method: metals/windowStateDidChange
Mar 26, 2025 12:57:13 AM org.eclipse.lsp4j.jsonrpc.services.GenericEndpoint notify
WARNING: Unsupported notification method: metals/windowStateDidChange
Mar 26, 2025 12:57:17 AM org.eclipse.lsp4j.jsonrpc.services.GenericEndpoint notify
WARNING: Unsupported notification method: metals/windowStateDidChange
Mar 26, 2025 12:57:23 AM org.eclipse.lsp4j.jsonrpc.services.GenericEndpoint notify
WARNING: Unsupported notification method: metals/windowStateDidChange
Mar 26, 2025 12:57:48 AM org.eclipse.lsp4j.jsonrpc.services.GenericEndpoint notify
WARNING: Unsupported notification method: metals/windowStateDidChange
Mar 26, 2025 12:58:22 AM org.eclipse.lsp4j.jsonrpc.services.GenericEndpoint notify
WARNING: Unsupported notification method: metals/windowStateDidChange
Mar 26, 2025 12:58:23 AM org.eclipse.lsp4j.jsonrpc.services.GenericEndpoint notify
WARNING: Unsupported notification method: metals/windowStateDidChange
Mar 26, 2025 12:59:07 AM org.eclipse.lsp4j.jsonrpc.services.GenericEndpoint notify
WARNING: Unsupported notification method: metals/windowStateDidChange
Mar 26, 2025 12:59:53 AM org.eclipse.lsp4j.jsonrpc.services.GenericEndpoint notify
WARNING: Unsupported notification method: metals/windowStateDidChange
Mar 26, 2025 12:59:56 AM org.eclipse.lsp4j.jsonrpc.services.GenericEndpoint notify
WARNING: Unsupported notification method: metals/windowStateDidChange
Mar 26, 2025 12:59:57 AM org.eclipse.lsp4j.jsonrpc.services.GenericEndpoint notify
WARNING: Unsupported notification method: metals/windowStateDidChange
Mar 26, 2025 1:00:47 AM org.eclipse.lsp4j.jsonrpc.services.GenericEndpoint notify
WARNING: Unsupported notification method: metals/windowStateDidChange
Mar 26, 2025 1:00:55 AM org.eclipse.lsp4j.jsonrpc.services.GenericEndpoint notify
WARNING: Unsupported notification method: metals/windowStateDidChange
Mar 26, 2025 1:01:00 AM org.eclipse.lsp4j.jsonrpc.services.GenericEndpoint notify
WARNING: Unsupported notification method: metals/windowStateDidChange
Mar 26, 2025 1:01:02 AM org.eclipse.lsp4j.jsonrpc.services.GenericEndpoint notify
WARNING: Unsupported notification method: metals/windowStateDidChange
Mar 26, 2025 1:01:09 AM org.eclipse.lsp4j.jsonrpc.services.GenericEndpoint notify
WARNING: Unsupported notification method: metals/windowStateDidChange
Mar 26, 2025 1:01:13 AM org.eclipse.lsp4j.jsonrpc.services.GenericEndpoint notify
WARNING: Unsupported notification method: metals/windowStateDidChange
Mar 26, 2025 1:01:18 AM org.eclipse.lsp4j.jsonrpc.services.GenericEndpoint notify
WARNING: Unsupported notification method: metals/windowStateDidChange
Mar 26, 2025 1:01:21 AM org.eclipse.lsp4j.jsonrpc.services.GenericEndpoint notify
WARNING: Unsupported notification method: metals/windowStateDidChange
Mar 26, 2025 1:01:26 AM org.eclipse.lsp4j.jsonrpc.services.GenericEndpoint notify
WARNING: Unsupported notification method: metals/windowStateDidChange
2025.03.26 01:01:28 INFO  running doctor check
2025.03.26 01:01:28 INFO  java targets: Scala_d5c0a6989e-test, Scala_d5c0a6989e
2025.03.26 01:01:28 INFO  compiling scala_d5c0a6989e (2 scala sources)
2025.03.26 01:01:28 INFO  time: compiled Scala_d5c0a6989e in 0.15s
2025.03.26 01:01:28 INFO  compiling scala_d5c0a6989e (2 scala sources)
2025.03.26 01:01:28 INFO  time: compiled Scala_d5c0a6989e in 0.12s
2025.03.26 01:01:30 INFO  time: indexed workspace in 1.77s
2025.03.26 01:01:30 INFO  compiling scala_d5c0a6989e (2 scala sources)
2025.03.26 01:01:30 INFO  time: compiled Scala_d5c0a6989e in 0.12s
Mar 26, 2025 1:01:33 AM org.eclipse.lsp4j.jsonrpc.services.GenericEndpoint notify
WARNING: Unsupported notification method: metals/windowStateDidChange
Mar 26, 2025 1:01:36 AM org.eclipse.lsp4j.jsonrpc.services.GenericEndpoint notify
WARNING: Unsupported notification method: metals/windowStateDidChange
2025.03.26 01:01:40 INFO  no build target found for C:\Users\shanmuka\Desktop\work space\Scala\topics\concurrency\AkkaExample\build.sbt. Using presentation compiler with project's scala-library version: 3.6.3
2025.03.26 01:01:40 INFO  no build target found for C:\Users\shanmuka\Desktop\work space\Scala\topics\concurrency\AkkaExample\build.sbt. Using presentation compiler with project's scala-library version: 3.6.3
2025.03.26 01:01:40 WARN  Could not find semantic tokens for: file:///C:/Users/shanmuka/Desktop/work%20space/Scala/topics/concurrency/AkkaExample/build.sbt
2025.03.26 01:01:40 INFO  no build target found for C:\Users\shanmuka\Desktop\work space\Scala\topics\concurrency\AkkaExample\build.sbt. Using presentation compiler with project's scala-library version: 3.6.3
Mar 26, 2025 1:01:41 AM org.eclipse.lsp4j.jsonrpc.services.GenericEndpoint notify
WARNING: Unsupported notification method: metals/windowStateDidChange
Mar 26, 2025 1:01:44 AM org.eclipse.lsp4j.jsonrpc.services.GenericEndpoint notify
WARNING: Unsupported notification method: metals/windowStateDidChange
2025.03.26 01:01:46 INFO  no build target found for C:\Users\shanmuka\Desktop\work space\Scala\topics\concurrency\AkkaExample\build.sbt. Using presentation compiler with project's scala-library version: 3.6.3
2025.03.26 01:01:46 INFO  no build target found for C:\Users\shanmuka\Desktop\work space\Scala\topics\concurrency\AkkaExample\build.sbt. Using presentation compiler with project's scala-library version: 3.6.3
2025.03.26 01:01:46 INFO  no build target found for C:\Users\shanmuka\Desktop\work space\Scala\topics\concurrency\AkkaExample\build.sbt. Using presentation compiler with project's scala-library version: 3.6.3
2025.03.26 01:01:46 WARN  Could not find semantic tokens for: file:///C:/Users/shanmuka/Desktop/work%20space/Scala/topics/concurrency/AkkaExample/build.sbt
2025.03.26 01:01:46 WARN  no build target for: C:\Users\shanmuka\Desktop\work space\Scala\topics\concurrency\AkkaExample\build.sbt
2025.03.26 01:01:46 INFO  no build target found for C:\Users\shanmuka\Desktop\work space\Scala\topics\concurrency\AkkaExample\build.sbt. Using presentation compiler with project's scala-library version: 3.6.3
2025.03.26 01:01:46 WARN  Could not find semantic tokens for: file:///C:/Users/shanmuka/Desktop/work%20space/Scala/topics/concurrency/AkkaExample/build.sbt
Mar 26, 2025 1:01:48 AM org.eclipse.lsp4j.jsonrpc.services.GenericEndpoint notify
WARNING: Unsupported notification method: metals/windowStateDidChange
Mar 26, 2025 1:02:36 AM org.eclipse.lsp4j.jsonrpc.services.GenericEndpoint notify
WARNING: Unsupported notification method: metals/windowStateDidChange
Mar 26, 2025 1:02:53 AM org.eclipse.lsp4j.jsonrpc.services.GenericEndpoint notify
WARNING: Unsupported notification method: metals/windowStateDidChange
Mar 26, 2025 1:02:56 AM org.eclipse.lsp4j.jsonrpc.services.GenericEndpoint notify
WARNING: Unsupported notification method: metals/windowStateDidChange
2025.03.26 01:02:59 WARN  Could not find semantic tokens for: file:///C:/Users/shanmuka/Desktop/work%20space/Scala/topics/concurrency/AkkaExample/src/main/scala/AkkaExample.scala
Mar 26, 2025 1:03:01 AM org.eclipse.lsp4j.jsonrpc.services.GenericEndpoint notify
WARNING: Unsupported notification method: metals/windowStateDidChange
2025.03.26 01:03:02 INFO  compiling scala_d5c0a6989e (2 scala sources)
2025.03.26 01:03:02 INFO  time: compiled Scala_d5c0a6989e in 0.19s
Mar 26, 2025 1:03:08 AM org.eclipse.lsp4j.jsonrpc.services.GenericEndpoint notify
WARNING: Unsupported notification method: metals/windowStateDidChange
Mar 26, 2025 1:03:45 AM org.eclipse.lsp4j.jsonrpc.services.GenericEndpoint notify
WARNING: Unsupported notification method: metals/windowStateDidChange
Mar 26, 2025 1:03:50 AM org.eclipse.lsp4j.jsonrpc.services.GenericEndpoint notify
WARNING: Unsupported notification method: metals/windowStateDidChange
Mar 26, 2025 1:04:28 AM org.eclipse.lsp4j.jsonrpc.services.GenericEndpoint notify
WARNING: Unsupported notification method: metals/windowStateDidChange
Mar 26, 2025 1:04:36 AM org.eclipse.lsp4j.jsonrpc.services.GenericEndpoint notify
WARNING: Unsupported notification method: metals/windowStateDidChange
2025.03.26 01:04:40 INFO  no build target found for C:\Users\shanmuka\Desktop\work space\Scala\topics\concurrency\AkkaExample\build.sbt. Using presentation compiler with project's scala-library version: 3.6.3
2025.03.26 01:04:40 INFO  no build target found for C:\Users\shanmuka\Desktop\work space\Scala\topics\concurrency\AkkaExample\build.sbt. Using presentation compiler with project's scala-library version: 3.6.3
2025.03.26 01:04:40 WARN  Could not find semantic tokens for: file:///C:/Users/shanmuka/Desktop/work%20space/Scala/topics/concurrency/AkkaExample/build.sbt
2025.03.26 01:04:41 INFO  no build target found for C:\Users\shanmuka\Desktop\work space\Scala\topics\concurrency\AkkaExample\build.sbt. Using presentation compiler with project's scala-library version: 3.6.3
Mar 26, 2025 1:04:52 AM org.eclipse.lsp4j.jsonrpc.services.GenericEndpoint notify
WARNING: Unsupported notification method: metals/windowStateDidChange
Mar 26, 2025 1:04:53 AM org.eclipse.lsp4j.jsonrpc.services.GenericEndpoint notify
WARNING: Unsupported notification method: metals/windowStateDidChange
Mar 26, 2025 1:04:53 AM org.eclipse.lsp4j.jsonrpc.services.GenericEndpoint notify
WARNING: Unsupported notification method: metals/windowStateDidChange
Mar 26, 2025 1:04:56 AM org.eclipse.lsp4j.jsonrpc.services.GenericEndpoint notify
WARNING: Unsupported notification method: metals/windowStateDidChange
Mar 26, 2025 1:04:58 AM org.eclipse.lsp4j.jsonrpc.services.GenericEndpoint notify
WARNING: Unsupported notification method: metals/windowStateDidChange
Mar 26, 2025 1:05:02 AM org.eclipse.lsp4j.jsonrpc.services.GenericEndpoint notify
WARNING: Unsupported notification method: metals/windowStateDidChange
2025.03.26 01:05:03 INFO  Cancelling compilation on scala-cli server
2025.03.26 01:05:03 INFO  compiling scala_d5c0a6989e (1 scala source)
2025.03.26 01:05:03 WARN  Invalid text document uri received from build server: file:///C:/Users/shanmuka/Desktop/work%20space/Scala/topics/concurrency/AkkaExample/src/main/scala/AkkaExample.scala
2025.03.26 01:05:03 INFO  time: compiled Scala_d5c0a6989e in 0.12s
2025.03.26 01:05:03 INFO  compiling scala_d5c0a6989e (1 scala source)
2025.03.26 01:05:03 INFO  time: Imported build in 0.23s
2025.03.26 01:05:03 INFO  running doctor check
2025.03.26 01:05:03 INFO  java targets: Scala_d5c0a6989e-test, Scala_d5c0a6989e
2025.03.26 01:05:03 INFO  compiling scala_d5c0a6989e (1 scala source)
2025.03.26 01:05:03 INFO  time: compiled Scala_d5c0a6989e in 0.12s
2025.03.26 01:05:05 INFO  time: indexed workspace in 1.67s
2025.03.26 01:05:05 INFO  compiling scala_d5c0a6989e (1 scala source)
2025.03.26 01:05:05 INFO  time: compiled Scala_d5c0a6989e in 0.13s
Mar 26, 2025 1:06:06 AM org.eclipse.lsp4j.jsonrpc.services.GenericEndpoint notify
WARNING: Unsupported notification method: metals/windowStateDidChange
Mar 26, 2025 1:06:11 AM org.eclipse.lsp4j.jsonrpc.services.GenericEndpoint notify
WARNING: Unsupported notification method: metals/windowStateDidChange
Mar 26, 2025 1:06:14 AM org.eclipse.lsp4j.jsonrpc.services.GenericEndpoint notify
WARNING: Unsupported notification method: metals/windowStateDidChange
Mar 26, 2025 1:07:06 AM org.eclipse.lsp4j.jsonrpc.services.GenericEndpoint notify
WARNING: Unsupported notification method: metals/windowStateDidChange
Mar 26, 2025 3:24:59 AM org.eclipse.lsp4j.jsonrpc.services.GenericEndpoint notify
WARNING: Unsupported notification method: metals/windowStateDidChange
Mar 26, 2025 3:25:02 AM org.eclipse.lsp4j.jsonrpc.services.GenericEndpoint notify
WARNING: Unsupported notification method: metals/windowStateDidChange
Mar 26, 2025 3:26:15 AM org.eclipse.lsp4j.jsonrpc.services.GenericEndpoint notify
WARNING: Unsupported notification method: metals/windowStateDidChange
Mar 26, 2025 3:27:12 AM org.eclipse.lsp4j.jsonrpc.services.GenericEndpoint notify
WARNING: Unsupported notification method: metals/windowStateDidChange
Mar 26, 2025 3:27:12 AM org.eclipse.lsp4j.jsonrpc.services.GenericEndpoint notify
WARNING: Unsupported notification method: metals/windowStateDidChange
Mar 26, 2025 3:27:12 AM org.eclipse.lsp4j.jsonrpc.services.GenericEndpoint notify
WARNING: Unsupported notification method: metals/windowStateDidChange
Mar 26, 2025 3:28:27 AM org.eclipse.lsp4j.jsonrpc.services.GenericEndpoint notify
WARNING: Unsupported notification method: metals/windowStateDidChange
Mar 26, 2025 3:28:28 AM org.eclipse.lsp4j.jsonrpc.services.GenericEndpoint notify
WARNING: Unsupported notification method: metals/windowStateDidChange
Mar 26, 2025 3:29:15 AM org.eclipse.lsp4j.jsonrpc.services.GenericEndpoint notify
WARNING: Unsupported notification method: metals/windowStateDidChange
Mar 26, 2025 3:29:48 AM org.eclipse.lsp4j.jsonrpc.services.GenericEndpoint notify
WARNING: Unsupported notification method: metals/windowStateDidChange
Mar 26, 2025 3:29:49 AM org.eclipse.lsp4j.jsonrpc.services.GenericEndpoint notify
WARNING: Unsupported notification method: metals/windowStateDidChange
Mar 26, 2025 3:29:56 AM org.eclipse.lsp4j.jsonrpc.services.GenericEndpoint notify
WARNING: Unsupported notification method: metals/windowStateDidChange
Mar 26, 2025 3:29:57 AM org.eclipse.lsp4j.jsonrpc.services.GenericEndpoint notify
WARNING: Unsupported notification method: metals/windowStateDidChange
Mar 26, 2025 3:30:16 AM org.eclipse.lsp4j.jsonrpc.services.GenericEndpoint notify
WARNING: Unsupported notification method: metals/windowStateDidChange
Mar 26, 2025 3:30:52 AM org.eclipse.lsp4j.jsonrpc.services.GenericEndpoint notify
WARNING: Unsupported notification method: metals/windowStateDidChange
Mar 26, 2025 3:30:57 AM org.eclipse.lsp4j.jsonrpc.services.GenericEndpoint notify
WARNING: Unsupported notification method: metals/windowStateDidChange
Mar 26, 2025 3:31:00 AM org.eclipse.lsp4j.jsonrpc.services.GenericEndpoint notify
INFO: Unsupported notification method: $/setTrace
Mar 26, 2025 3:31:03 AM org.eclipse.lsp4j.jsonrpc.services.GenericEndpoint notify
WARNING: Unsupported notification method: metals/windowStateDidChange
Mar 26, 2025 3:31:03 AM org.eclipse.lsp4j.jsonrpc.services.GenericEndpoint notify
WARNING: Unsupported notification method: metals/windowStateDidChange
Mar 26, 2025 3:31:06 AM org.eclipse.lsp4j.jsonrpc.services.GenericEndpoint notify
WARNING: Unsupported notification method: metals/windowStateDidChange
Mar 26, 2025 3:31:13 AM org.eclipse.lsp4j.jsonrpc.services.GenericEndpoint notify
WARNING: Unsupported notification method: metals/windowStateDidChange
Mar 26, 2025 3:31:13 AM org.eclipse.lsp4j.jsonrpc.services.GenericEndpoint notify
WARNING: Unsupported notification method: metals/windowStateDidChange
Mar 26, 2025 3:31:17 AM org.eclipse.lsp4j.jsonrpc.services.GenericEndpoint notify
WARNING: Unsupported notification method: metals/windowStateDidChange
Mar 26, 2025 3:31:22 AM org.eclipse.lsp4j.jsonrpc.services.GenericEndpoint notify
WARNING: Unsupported notification method: metals/windowStateDidChange
Mar 26, 2025 3:31:23 AM org.eclipse.lsp4j.jsonrpc.services.GenericEndpoint notify
WARNING: Unsupported notification method: metals/windowStateDidChange
2025.03.26 03:31:56 INFO  file:///C:/Users/shanmuka/Desktop/work%20space/Scala/topics/concurrency/akka_example.scala:1:8: stale bloop error: Not found: akka
import akka.actor.{Actor, ActorSystem, Props}
       ^^^^
2025.03.26 03:31:56 INFO  file:///C:/Users/shanmuka/Desktop/work%20space/Scala/topics/concurrency/akka_example.scala:5:16: stale bloop error: Not found: type Receive
  def receive: Receive = {
               ^^^^^^^
2025.03.26 03:31:56 WARN  Could not find semantic tokens for: file:///C:/Users/shanmuka/Desktop/work%20space/Scala/topics/concurrency/akka_example.scala
2025.03.26 03:31:57 INFO  time: compiled Scala_d5c0a6989e in 6ms
2025.03.26 03:31:57 WARN  Could not find semantic tokens for: file:///C:/Users/shanmuka/Desktop/work%20space/Scala/topics/concurrency/akka_example.scala
2025.03.26 03:32:39 WARN  Could not find semantic tokens for: file:///C:/Users/shanmuka/Desktop/work%20space/Scala/topics/concurrency/akka_example.scala
Mar 26, 2025 3:32:51 AM org.eclipse.lsp4j.jsonrpc.services.GenericEndpoint notify
WARNING: Unsupported notification method: metals/windowStateDidChange
Mar 26, 2025 3:33:21 AM org.eclipse.lsp4j.jsonrpc.services.GenericEndpoint notify
WARNING: Unsupported notification method: metals/windowStateDidChange
Mar 26, 2025 3:33:23 AM org.eclipse.lsp4j.jsonrpc.services.GenericEndpoint notify
WARNING: Unsupported notification method: metals/windowStateDidChange
Mar 26, 2025 3:33:28 AM org.eclipse.lsp4j.jsonrpc.services.GenericEndpoint notify
WARNING: Unsupported notification method: metals/windowStateDidChange
Mar 26, 2025 3:33:32 AM org.eclipse.lsp4j.jsonrpc.services.GenericEndpoint notify
WARNING: Unsupported notification method: metals/windowStateDidChange
Mar 26, 2025 3:33:32 AM org.eclipse.lsp4j.jsonrpc.services.GenericEndpoint notify
WARNING: Unsupported notification method: metals/windowStateDidChange
Mar 26, 2025 3:33:56 AM org.eclipse.lsp4j.jsonrpc.services.GenericEndpoint notify
WARNING: Unsupported notification method: metals/windowStateDidChange
Mar 26, 2025 3:33:58 AM org.eclipse.lsp4j.jsonrpc.services.GenericEndpoint notify
WARNING: Unsupported notification method: metals/windowStateDidChange
Mar 26, 2025 3:34:01 AM org.eclipse.lsp4j.jsonrpc.services.GenericEndpoint notify
WARNING: Unsupported notification method: metals/windowStateDidChange
Mar 26, 2025 3:34:09 AM org.eclipse.lsp4j.jsonrpc.services.GenericEndpoint notify
WARNING: Unsupported notification method: metals/windowStateDidChange
Mar 26, 2025 3:34:10 AM org.eclipse.lsp4j.jsonrpc.services.GenericEndpoint notify
WARNING: Unsupported notification method: metals/windowStateDidChange
Mar 26, 2025 3:34:23 AM org.eclipse.lsp4j.jsonrpc.services.GenericEndpoint notify
WARNING: Unsupported notification method: metals/windowStateDidChange
Mar 26, 2025 3:34:35 AM org.eclipse.lsp4j.jsonrpc.services.GenericEndpoint notify
WARNING: Unsupported notification method: metals/windowStateDidChange
Mar 26, 2025 3:35:29 AM org.eclipse.lsp4j.jsonrpc.services.GenericEndpoint notify
WARNING: Unsupported notification method: metals/windowStateDidChange
Mar 26, 2025 3:35:40 AM org.eclipse.lsp4j.jsonrpc.services.GenericEndpoint notify
WARNING: Unsupported notification method: metals/windowStateDidChange
Mar 26, 2025 3:35:43 AM org.eclipse.lsp4j.jsonrpc.services.GenericEndpoint notify
WARNING: Unsupported notification method: metals/windowStateDidChange
Mar 26, 2025 3:35:43 AM org.eclipse.lsp4j.jsonrpc.services.GenericEndpoint notify
WARNING: Unsupported notification method: metals/windowStateDidChange
Mar 26, 2025 3:36:36 AM org.eclipse.lsp4j.jsonrpc.services.GenericEndpoint notify
WARNING: Unsupported notification method: metals/windowStateDidChange
Mar 26, 2025 3:37:27 AM org.eclipse.lsp4j.jsonrpc.services.GenericEndpoint notify
WARNING: Unsupported notification method: metals/windowStateDidChange
Mar 26, 2025 3:37:45 AM org.eclipse.lsp4j.jsonrpc.services.GenericEndpoint notify
WARNING: Unsupported notification method: metals/windowStateDidChange
Mar 26, 2025 3:37:49 AM org.eclipse.lsp4j.jsonrpc.services.GenericEndpoint notify
WARNING: Unsupported notification method: metals/windowStateDidChange
Mar 26, 2025 3:37:52 AM org.eclipse.lsp4j.jsonrpc.services.GenericEndpoint notify
WARNING: Unsupported notification method: metals/windowStateDidChange
Mar 26, 2025 3:37:54 AM org.eclipse.lsp4j.jsonrpc.services.GenericEndpoint notify
WARNING: Unsupported notification method: metals/windowStateDidChange
Mar 26, 2025 3:37:59 AM org.eclipse.lsp4j.jsonrpc.services.GenericEndpoint notify
WARNING: Unsupported notification method: metals/windowStateDidChange
2025.03.26 03:38:26 INFO  Shutting down server
2025.03.26 03:38:26 INFO  shutting down Metals
2025.03.26 03:38:26 INFO  Shut down connection with build server.
2025.03.26 03:38:26 INFO  BSP server: Mar 26, 2025 3:38:26 AM org.eclipse.lsp4j.jsonrpc.RemoteEndpoint handleNotification
2025.03.26 03:38:26 INFO  Exiting server
2025.03.26 21:50:18 INFO  Started: Metals version 1.5.1 in folders 'C:\Users\shanmuka\Desktop\work space\Scala' for client Visual Studio Code 1.98.2.
2025.03.26 21:50:19 INFO  Attempting to connect to the build server...
2025.03.26 21:50:19 INFO  Running BSP server List(C:\Users\shanmuka\AppData\Local\Coursier\data\bin\.scala-cli.aux.exe, bsp, --json-options, C:\Users\shanmuka\Desktop\work space\Scala\.scala-build\ide-options-v2.json, --json-launcher-options, C:\Users\shanmuka\Desktop\work space\Scala\.scala-build\ide-launcher-options.json, --envs-file, C:\Users\shanmuka\Desktop\work space\Scala\.scala-build\ide-envs.json, C:\Users\shanmuka\Desktop\work space\Scala)
2025.03.26 21:50:22 INFO  tracing is disabled for protocol BSP, to enable tracing of incoming and outgoing JSON messages create an empty file at C:\Users\shanmuka\Desktop\work space\Scala\.metals\bsp.trace.json or C:\Users\shanmuka\AppData\Local\scalameta\metals\cache\bsp.trace.json
2025.03.26 21:50:23 INFO  BSP server: Starting compilation server
2025.03.26 21:50:26 INFO  time: Connected to build server in 7.27s
2025.03.26 21:50:26 INFO  Connected to Build server: scala-cli v1.6.2
2025.03.26 21:50:26 INFO  time: Imported build in 0.11s
2025.03.26 21:50:26 INFO  running doctor check
2025.03.26 21:50:26 INFO  java targets: Scala_d5c0a6989e-test, Scala_d5c0a6989e
2025.03.26 21:50:30 INFO  time: indexed workspace in 3.84s
Mar 26, 2025 9:50:38 PM org.eclipse.lsp4j.jsonrpc.services.GenericEndpoint notify
INFO: Unsupported notification method: $/setTrace
Mar 26, 2025 9:50:45 PM org.eclipse.lsp4j.jsonrpc.services.GenericEndpoint notify
INFO: Unsupported notification method: $/setTrace
Mar 26, 2025 9:51:19 PM org.eclipse.lsp4j.jsonrpc.services.GenericEndpoint notify
WARNING: Unsupported notification method: metals/windowStateDidChange
Mar 26, 2025 11:37:41 PM org.eclipse.lsp4j.jsonrpc.services.GenericEndpoint notify
WARNING: Unsupported notification method: metals/windowStateDidChange
Mar 26, 2025 11:37:45 PM org.eclipse.lsp4j.jsonrpc.services.GenericEndpoint notify
WARNING: Unsupported notification method: metals/windowStateDidChange
Mar 26, 2025 11:37:52 PM org.eclipse.lsp4j.jsonrpc.services.GenericEndpoint notify
WARNING: Unsupported notification method: metals/windowStateDidChange
Mar 26, 2025 11:38:55 PM org.eclipse.lsp4j.jsonrpc.services.GenericEndpoint notify
WARNING: Unsupported notification method: metals/windowStateDidChange
Mar 27, 2025 12:58:13 AM org.eclipse.lsp4j.jsonrpc.services.GenericEndpoint notify
WARNING: Unsupported notification method: metals/windowStateDidChange
Mar 27, 2025 12:58:14 AM org.eclipse.lsp4j.jsonrpc.services.GenericEndpoint notify
WARNING: Unsupported notification method: metals/windowStateDidChange
Mar 27, 2025 12:59:10 AM org.eclipse.lsp4j.jsonrpc.services.GenericEndpoint notify
WARNING: Unsupported notification method: metals/windowStateDidChange
Mar 27, 2025 12:59:11 AM org.eclipse.lsp4j.jsonrpc.services.GenericEndpoint notify
WARNING: Unsupported notification method: metals/windowStateDidChange
2025.03.27 00:59:19 INFO  Shutting down server
2025.03.27 00:59:19 INFO  shutting down Metals
2025.03.27 00:59:19 INFO  Shut down connection with build server.
2025.03.27 00:59:19 INFO  Exiting server
2025.03.27 21:16:07 INFO  Started: Metals version 1.5.2 in folders 'C:\Users\shanmuka\Desktop\work space\Scala' for client Visual Studio Code 1.98.2.
2025.03.27 21:16:09 INFO  Attempting to connect to the build server...
2025.03.27 21:16:09 INFO  Running BSP server List(C:\Users\shanmuka\AppData\Local\Coursier\data\bin\.scala-cli.aux.exe, bsp, --json-options, C:\Users\shanmuka\Desktop\work space\Scala\.scala-build\ide-options-v2.json, --json-launcher-options, C:\Users\shanmuka\Desktop\work space\Scala\.scala-build\ide-launcher-options.json, --envs-file, C:\Users\shanmuka\Desktop\work space\Scala\.scala-build\ide-envs.json, C:\Users\shanmuka\Desktop\work space\Scala)
2025.03.27 21:16:09 INFO  tracing is disabled for protocol BSP, to enable tracing of incoming and outgoing JSON messages create an empty file at C:\Users\shanmuka\Desktop\work space\Scala\.metals\bsp.trace.json or C:\Users\shanmuka\AppData\Local\scalameta\metals\cache\bsp.trace.json
2025.03.27 21:16:11 INFO  BSP server: Starting compilation server
2025.03.27 21:16:13 INFO  time: Connected to build server in 4.72s
2025.03.27 21:16:13 INFO  Connected to Build server: scala-cli v1.6.2
2025.03.27 21:16:17 INFO  time: indexed workspace in 4.12s
Mar 27, 2025 9:16:26 PM org.eclipse.lsp4j.jsonrpc.services.GenericEndpoint notify
INFO: Unsupported notification method: $/setTrace
Mar 27, 2025 9:27:49 PM org.eclipse.lsp4j.jsonrpc.RemoteEndpoint handleNotification
WARNING: Notification threw an exception: {
  "jsonrpc": "2.0",
  "method": "metals/didFocusTextDocument",
  "params": [
    "class:/c%3A/Users/shanmuka/Desktop/work%20space/Scala/topics/basics/FunctionsExample%24.class"
  ]
}
java.nio.file.FileSystemNotFoundException: Provider "class" not installed
	at java.base/java.nio.file.Path.of(Path.java:213)
	at java.base/java.nio.file.Paths.get(Paths.java:98)
	at scala.meta.internal.mtags.MtagsEnrichments$XtensionURIMtags.toAbsolutePath(MtagsEnrichments.scala:130)
	at scala.meta.internal.mtags.MtagsEnrichments$XtensionStringMtags.toAbsolutePath(MtagsEnrichments.scala:190)
	at scala.meta.internal.metals.MetalsEnrichments$XtensionString.toAbsolutePath(MetalsEnrichments.scala:777)
	at scala.meta.internal.metals.MetalsEnrichments$XtensionString.toAbsolutePath(MetalsEnrichments.scala:774)
	at scala.meta.internal.metals.WorkspaceLspService.didFocus(WorkspaceLspService.scala:775)
	at scala.meta.metals.lsp.DelegatingScalaService.didFocus(DelegatingScalaService.scala:42)
	at java.base/jdk.internal.reflect.DirectMethodHandleAccessor.invoke(DirectMethodHandleAccessor.java:103)
	at java.base/java.lang.reflect.Method.invoke(Method.java:580)
	at org.eclipse.lsp4j.jsonrpc.services.GenericEndpoint.lambda$recursiveFindRpcMethods$0(GenericEndpoint.java:65)
	at org.eclipse.lsp4j.jsonrpc.services.GenericEndpoint.notify(GenericEndpoint.java:160)
	at org.eclipse.lsp4j.jsonrpc.RemoteEndpoint.handleNotification(RemoteEndpoint.java:231)
	at org.eclipse.lsp4j.jsonrpc.RemoteEndpoint.consume(RemoteEndpoint.java:198)
	at org.eclipse.lsp4j.jsonrpc.json.StreamMessageProducer.handleMessage(StreamMessageProducer.java:185)
	at org.eclipse.lsp4j.jsonrpc.json.StreamMessageProducer.listen(StreamMessageProducer.java:97)
	at org.eclipse.lsp4j.jsonrpc.json.ConcurrentMessageProcessor.run(ConcurrentMessageProcessor.java:114)
	at java.base/java.util.concurrent.Executors$RunnableAdapter.call(Executors.java:572)
	at java.base/java.util.concurrent.FutureTask.run(FutureTask.java:317)
	at java.base/java.util.concurrent.ThreadPoolExecutor.runWorker(ThreadPoolExecutor.java:1144)
	at java.base/java.util.concurrent.ThreadPoolExecutor$Worker.run(ThreadPoolExecutor.java:642)
	at java.base/java.lang.Thread.run(Thread.java:1575)

Mar 27, 2025 9:27:49 PM org.eclipse.lsp4j.jsonrpc.RemoteEndpoint handleNotification
WARNING: Notification threw an exception: {
  "jsonrpc": "2.0",
  "method": "metals/didFocusTextDocument",
  "params": [
    "class:/c%3A/Users/shanmuka/Desktop/work%20space/Scala/topics/basics/FunctionsExample.class"
  ]
}
java.nio.file.FileSystemNotFoundException: Provider "class" not installed
	at java.base/java.nio.file.Path.of(Path.java:213)
	at java.base/java.nio.file.Paths.get(Paths.java:98)
	at scala.meta.internal.mtags.MtagsEnrichments$XtensionURIMtags.toAbsolutePath(MtagsEnrichments.scala:130)
	at scala.meta.internal.mtags.MtagsEnrichments$XtensionStringMtags.toAbsolutePath(MtagsEnrichments.scala:190)
	at scala.meta.internal.metals.MetalsEnrichments$XtensionString.toAbsolutePath(MetalsEnrichments.scala:777)
	at scala.meta.internal.metals.MetalsEnrichments$XtensionString.toAbsolutePath(MetalsEnrichments.scala:774)
	at scala.meta.internal.metals.WorkspaceLspService.didFocus(WorkspaceLspService.scala:775)
	at scala.meta.metals.lsp.DelegatingScalaService.didFocus(DelegatingScalaService.scala:42)
	at java.base/jdk.internal.reflect.DirectMethodHandleAccessor.invoke(DirectMethodHandleAccessor.java:103)
	at java.base/java.lang.reflect.Method.invoke(Method.java:580)
	at org.eclipse.lsp4j.jsonrpc.services.GenericEndpoint.lambda$recursiveFindRpcMethods$0(GenericEndpoint.java:65)
	at org.eclipse.lsp4j.jsonrpc.services.GenericEndpoint.notify(GenericEndpoint.java:160)
	at org.eclipse.lsp4j.jsonrpc.RemoteEndpoint.handleNotification(RemoteEndpoint.java:231)
	at org.eclipse.lsp4j.jsonrpc.RemoteEndpoint.consume(RemoteEndpoint.java:198)
	at org.eclipse.lsp4j.jsonrpc.json.StreamMessageProducer.handleMessage(StreamMessageProducer.java:185)
	at org.eclipse.lsp4j.jsonrpc.json.StreamMessageProducer.listen(StreamMessageProducer.java:97)
	at org.eclipse.lsp4j.jsonrpc.json.ConcurrentMessageProcessor.run(ConcurrentMessageProcessor.java:114)
	at java.base/java.util.concurrent.Executors$RunnableAdapter.call(Executors.java:572)
	at java.base/java.util.concurrent.FutureTask.run(FutureTask.java:317)
	at java.base/java.util.concurrent.ThreadPoolExecutor.runWorker(ThreadPoolExecutor.java:1144)
	at java.base/java.util.concurrent.ThreadPoolExecutor$Worker.run(ThreadPoolExecutor.java:642)
	at java.base/java.lang.Thread.run(Thread.java:1575)

Mar 27, 2025 9:27:51 PM org.eclipse.lsp4j.jsonrpc.RemoteEndpoint handleNotification
WARNING: Notification threw an exception: {
  "jsonrpc": "2.0",
  "method": "metals/didFocusTextDocument",
  "params": [
    "class:/c%3A/Users/shanmuka/Desktop/work%20space/Scala/topics/basics/FunctionsExample%24.class"
  ]
}
java.nio.file.FileSystemNotFoundException: Provider "class" not installed
	at java.base/java.nio.file.Path.of(Path.java:213)
	at java.base/java.nio.file.Paths.get(Paths.java:98)
	at scala.meta.internal.mtags.MtagsEnrichments$XtensionURIMtags.toAbsolutePath(MtagsEnrichments.scala:130)
	at scala.meta.internal.mtags.MtagsEnrichments$XtensionStringMtags.toAbsolutePath(MtagsEnrichments.scala:190)
	at scala.meta.internal.metals.MetalsEnrichments$XtensionString.toAbsolutePath(MetalsEnrichments.scala:777)
	at scala.meta.internal.metals.MetalsEnrichments$XtensionString.toAbsolutePath(MetalsEnrichments.scala:774)
	at scala.meta.internal.metals.WorkspaceLspService.didFocus(WorkspaceLspService.scala:775)
	at scala.meta.metals.lsp.DelegatingScalaService.didFocus(DelegatingScalaService.scala:42)
	at java.base/jdk.internal.reflect.DirectMethodHandleAccessor.invoke(DirectMethodHandleAccessor.java:103)
	at java.base/java.lang.reflect.Method.invoke(Method.java:580)
	at org.eclipse.lsp4j.jsonrpc.services.GenericEndpoint.lambda$recursiveFindRpcMethods$0(GenericEndpoint.java:65)
	at org.eclipse.lsp4j.jsonrpc.services.GenericEndpoint.notify(GenericEndpoint.java:160)
	at org.eclipse.lsp4j.jsonrpc.RemoteEndpoint.handleNotification(RemoteEndpoint.java:231)
	at org.eclipse.lsp4j.jsonrpc.RemoteEndpoint.consume(RemoteEndpoint.java:198)
	at org.eclipse.lsp4j.jsonrpc.json.StreamMessageProducer.handleMessage(StreamMessageProducer.java:185)
	at org.eclipse.lsp4j.jsonrpc.json.StreamMessageProducer.listen(StreamMessageProducer.java:97)
	at org.eclipse.lsp4j.jsonrpc.json.ConcurrentMessageProcessor.run(ConcurrentMessageProcessor.java:114)
	at java.base/java.util.concurrent.Executors$RunnableAdapter.call(Executors.java:572)
	at java.base/java.util.concurrent.FutureTask.run(FutureTask.java:317)
	at java.base/java.util.concurrent.ThreadPoolExecutor.runWorker(ThreadPoolExecutor.java:1144)
	at java.base/java.util.concurrent.ThreadPoolExecutor$Worker.run(ThreadPoolExecutor.java:642)
	at java.base/java.lang.Thread.run(Thread.java:1575)

2025.03.27 22:52:44 INFO  Shutting down server
2025.03.27 22:52:44 INFO  shutting down Metals
2025.03.27 22:52:44 INFO  Shut down connection with build server.
2025.03.27 22:52:44 INFO  Exiting server
2025.03.28 13:26:51 INFO  Started: Metals version 1.5.2 in folders 'C:\Users\shanmuka\Desktop\work space\Scala' for client Visual Studio Code 1.98.2.
2025.03.28 13:26:53 INFO  no build target found for C:\Users\shanmuka\Desktop\work space\Scala\topics\basics\functions.scala. Using presentation compiler with project's scala-library version: 3.3.5
2025.03.28 13:26:53 INFO  Attempting to connect to the build server...
2025.03.28 13:26:53 INFO  Running BSP server List(C:\Users\shanmuka\AppData\Local\Coursier\data\bin\.scala-cli.aux.exe, bsp, --json-options, C:\Users\shanmuka\Desktop\work space\Scala\.scala-build\ide-options-v2.json, --json-launcher-options, C:\Users\shanmuka\Desktop\work space\Scala\.scala-build\ide-launcher-options.json, --envs-file, C:\Users\shanmuka\Desktop\work space\Scala\.scala-build\ide-envs.json, C:\Users\shanmuka\Desktop\work space\Scala)
2025.03.28 13:26:55 INFO  tracing is disabled for protocol BSP, to enable tracing of incoming and outgoing JSON messages create an empty file at C:\Users\shanmuka\Desktop\work space\Scala\.metals\bsp.trace.json or C:\Users\shanmuka\AppData\Local\scalameta\metals\cache\bsp.trace.json
2025.03.28 13:26:58 INFO  BSP server: Starting compilation server
2025.03.28 13:27:04 INFO  time: Connected to build server in 10s
2025.03.28 13:27:04 INFO  Connected to Build server: scala-cli v1.6.2
2025.03.28 13:27:04 INFO  time: Imported build in 0.17s
Mar 28, 2025 1:27:15 PM org.eclipse.lsp4j.jsonrpc.services.GenericEndpoint notify
INFO: Unsupported notification method: $/setTrace
Mar 28, 2025 1:28:22 PM org.eclipse.lsp4j.jsonrpc.services.GenericEndpoint notify
INFO: Unsupported notification method: $/setTrace
2025.03.28 13:28:48 INFO  time: indexed workspace in 9.14s
2025.03.28 19:44:31 INFO  Shutting down server
2025.03.28 19:44:31 INFO  shutting down Metals
2025.03.28 19:44:31 INFO  Shut down connection with build server.
2025.03.28 19:44:31 INFO  Exiting server
2025.04.09 16:29:27 INFO  Started: Metals version 1.5.2 in folders 'C:\Users\shanmuka\Desktop\work space\Scala' for client Visual Studio Code 1.99.0.
2025.04.09 16:29:33 INFO  no build target found for C:\Users\shanmuka\Desktop\work space\Scala\topics\basics\functions.scala. Using presentation compiler with project's scala-library version: 3.3.5
2025.04.09 16:29:33 INFO  Attempting to connect to the build server...
2025.04.09 16:29:33 INFO  Running BSP server List(C:\Users\shanmuka\AppData\Local\Coursier\data\bin\.scala-cli.aux.exe, bsp, --json-options, C:\Users\shanmuka\Desktop\work space\Scala\.scala-build\ide-options-v2.json, --json-launcher-options, C:\Users\shanmuka\Desktop\work space\Scala\.scala-build\ide-launcher-options.json, --envs-file, C:\Users\shanmuka\Desktop\work space\Scala\.scala-build\ide-envs.json, C:\Users\shanmuka\Desktop\work space\Scala)
2025.04.09 16:29:34 INFO  tracing is disabled for protocol BSP, to enable tracing of incoming and outgoing JSON messages create an empty file at C:\Users\shanmuka\Desktop\work space\Scala\.metals\bsp.trace.json or C:\Users\shanmuka\AppData\Local\scalameta\metals\cache\bsp.trace.json
2025.04.09 16:29:34 INFO  time: Connected to build server in 2.13s
2025.04.09 16:29:34 INFO  Connected to Build server: scala-cli v1.6.2
2025.04.09 16:29:39 INFO  time: indexed workspace in 4.06s
Apr 09, 2025 6:09:22 PM org.eclipse.lsp4j.jsonrpc.RemoteEndpoint handleCancellation
WARNING: Unmatched cancel notification for request id 83
Apr 09, 2025 6:09:22 PM org.eclipse.lsp4j.jsonrpc.RemoteEndpoint handleCancellation
WARNING: Unmatched cancel notification for request id 84
Apr 09, 2025 7:49:05 PM org.eclipse.lsp4j.jsonrpc.RemoteEndpoint handleCancellation
WARNING: Unmatched cancel notification for request id 86
Apr 09, 2025 9:44:45 PM org.eclipse.lsp4j.jsonrpc.RemoteEndpoint handleCancellation
WARNING: Unmatched cancel notification for request id 120
Apr 09, 2025 9:44:45 PM org.eclipse.lsp4j.jsonrpc.RemoteEndpoint handleCancellation
WARNING: Unmatched cancel notification for request id 121
Apr 10, 2025 2:58:41 AM org.eclipse.lsp4j.jsonrpc.services.GenericEndpoint notify
INFO: Unsupported notification method: $/setTrace
2025.04.10 03:05:26 INFO  Shutting down server
2025.04.10 03:05:26 INFO  shutting down Metals
2025.04.10 03:05:26 INFO  Shut down connection with build server.
2025.04.10 03:05:26 INFO  Exiting server
2025.04.10 03:06:25 INFO  Started: Metals version 1.5.2 in folders 'C:\Users\shanmuka\Desktop\work space\Scala' for client Visual Studio Code 1.99.1.
2025.04.10 03:06:27 INFO  no build target found for C:\Users\shanmuka\Desktop\work space\Scala\topics\basics\loops.scala. Using presentation compiler with project's scala-library version: 3.3.5
2025.04.10 03:06:32 INFO  no build target found for C:\Users\shanmuka\Desktop\work space\Scala\topics\basics\loops.scala. Using presentation compiler with project's scala-library version: 3.3.5
2025.04.10 03:06:32 INFO  Attempting to connect to the build server...
2025.04.10 03:06:32 INFO  Running BSP server List(C:\Users\shanmuka\AppData\Local\Coursier\data\bin\.scala-cli.aux.exe, bsp, --json-options, C:\Users\shanmuka\Desktop\work space\Scala\.scala-build\ide-options-v2.json, --json-launcher-options, C:\Users\shanmuka\Desktop\work space\Scala\.scala-build\ide-launcher-options.json, --envs-file, C:\Users\shanmuka\Desktop\work space\Scala\.scala-build\ide-envs.json, C:\Users\shanmuka\Desktop\work space\Scala)
2025.04.10 03:06:34 INFO  tracing is disabled for protocol BSP, to enable tracing of incoming and outgoing JSON messages create an empty file at C:\Users\shanmuka\Desktop\work space\Scala\.metals\bsp.trace.json or C:\Users\shanmuka\AppData\Local\scalameta\metals\cache\bsp.trace.json
2025.04.10 03:06:38 INFO  time: Connected to build server in 5.74s
2025.04.10 03:06:38 INFO  Connected to Build server: scala-cli v1.6.2
2025.04.10 03:06:39 INFO  time: Imported build in 0.19s
2025.04.10 03:06:46 INFO  time: indexed workspace in 8.77s
Apr 10, 2025 3:08:09 AM org.eclipse.lsp4j.jsonrpc.services.GenericEndpoint notify
INFO: Unsupported notification method: $/setTrace
Apr 10, 2025 3:08:19 AM org.eclipse.lsp4j.jsonrpc.services.GenericEndpoint notify
INFO: Unsupported notification method: $/setTrace
